G:\DEV\tilesnav\TilesNav.AureliaFrontend\src\app.js
G:\DEV\tilesnav\TilesNav.AureliaFrontend\src\app.js.map
G:\DEV\tilesnav\TilesNav.AureliaFrontend\test\unit\app.spec.js
G:\DEV\tilesnav\TilesNav.AureliaFrontend\test\unit\app.spec.js.map
G:\DEV\tilesnav\TilesNav.AureliaFrontend\test\unit\setup.js
G:\DEV\tilesnav\TilesNav.AureliaFrontend\test\unit\setup.js.map
G:\DEV\tilesnav\TilesNav.AureliaFrontend\src\environment.js
G:\DEV\tilesnav\TilesNav.AureliaFrontend\src\environment.js.map
G:\DEV\tilesnav\TilesNav.AureliaFrontend\src\main.js
G:\DEV\tilesnav\TilesNav.AureliaFrontend\src\main.js.map
G:\DEV\tilesnav\TilesNav.AureliaFrontend\src\resources\index.js
G:\DEV\tilesnav\TilesNav.AureliaFrontend\src\resources\index.js.map
G:\DEV\tilesnav\TilesNav.AureliaFrontend\src\app.js
G:\DEV\tilesnav\TilesNav.AureliaFrontend\src\app.js.map
G:\DEV\tilesnav\TilesNav.AureliaFrontend\test\unit\app.spec.js
G:\DEV\tilesnav\TilesNav.AureliaFrontend\test\unit\app.spec.js.map
G:\DEV\tilesnav\TilesNav.AureliaFrontend\test\unit\setup.js
G:\DEV\tilesnav\TilesNav.AureliaFrontend\test\unit\setup.js.map
G:\DEV\tilesnav\TilesNav.AureliaFrontend\src\environment.js
G:\DEV\tilesnav\TilesNav.AureliaFrontend\src\environment.js.map
G:\DEV\tilesnav\TilesNav.AureliaFrontend\src\main.js
G:\DEV\tilesnav\TilesNav.AureliaFrontend\src\main.js.map
G:\DEV\tilesnav\TilesNav.AureliaFrontend\src\resources\index.js
G:\DEV\tilesnav\TilesNav.AureliaFrontend\src\resources\index.js.map
G:\DEV\tilesnav\TilesNav.AureliaFrontend\src\app.js
G:\DEV\tilesnav\TilesNav.AureliaFrontend\src\app.js.map
G:\DEV\tilesnav\TilesNav.AureliaFrontend\test\unit\app.spec.js
G:\DEV\tilesnav\TilesNav.AureliaFrontend\test\unit\app.spec.js.map
G:\DEV\tilesnav\TilesNav.AureliaFrontend\test\unit\setup.js
G:\DEV\tilesnav\TilesNav.AureliaFrontend\test\unit\setup.js.map
G:\DEV\tilesnav\TilesNav.AureliaFrontend\src\environment.js
G:\DEV\tilesnav\TilesNav.AureliaFrontend\src\environment.js.map
G:\DEV\tilesnav\TilesNav.AureliaFrontend\src\main.js
G:\DEV\tilesnav\TilesNav.AureliaFrontend\src\main.js.map
G:\DEV\tilesnav\TilesNav.AureliaFrontend\src\resources\index.js
G:\DEV\tilesnav\TilesNav.AureliaFrontend\src\resources\index.js.map
G:\DEV\tilesnav\TilesNav.AureliaFrontend\src\app.js
G:\DEV\tilesnav\TilesNav.AureliaFrontend\src\app.js.map
G:\DEV\tilesnav\TilesNav.AureliaFrontend\test\unit\app.spec.js
G:\DEV\tilesnav\TilesNav.AureliaFrontend\test\unit\app.spec.js.map
G:\DEV\tilesnav\TilesNav.AureliaFrontend\test\unit\setup.js
G:\DEV\tilesnav\TilesNav.AureliaFrontend\test\unit\setup.js.map
G:\DEV\tilesnav\TilesNav.AureliaFrontend\src\environment.js
G:\DEV\tilesnav\TilesNav.AureliaFrontend\src\environment.js.map
G:\DEV\tilesnav\TilesNav.AureliaFrontend\src\main.js
G:\DEV\tilesnav\TilesNav.AureliaFrontend\src\main.js.map
G:\DEV\tilesnav\TilesNav.AureliaFrontend\src\resources\index.js
G:\DEV\tilesnav\TilesNav.AureliaFrontend\src\resources\index.js.map
G:\DEV\tilesnav\TilesNav.AureliaFrontend\src\app.js
G:\DEV\tilesnav\TilesNav.AureliaFrontend\src\app.js.map
G:\DEV\tilesnav\TilesNav.AureliaFrontend\test\unit\app.spec.js
G:\DEV\tilesnav\TilesNav.AureliaFrontend\test\unit\app.spec.js.map
G:\DEV\tilesnav\TilesNav.AureliaFrontend\test\unit\setup.js
G:\DEV\tilesnav\TilesNav.AureliaFrontend\test\unit\setup.js.map
G:\DEV\tilesnav\TilesNav.AureliaFrontend\src\environment.js
G:\DEV\tilesnav\TilesNav.AureliaFrontend\src\environment.js.map
G:\DEV\tilesnav\TilesNav.AureliaFrontend\src\main.js
G:\DEV\tilesnav\TilesNav.AureliaFrontend\src\main.js.map
G:\DEV\tilesnav\TilesNav.AureliaFrontend\src\resources\index.js
G:\DEV\tilesnav\TilesNav.AureliaFrontend\src\resources\index.js.map
G:\DEV\tilesnav\TilesNav.AureliaFrontend\src\app.js
G:\DEV\tilesnav\TilesNav.AureliaFrontend\src\app.js.map
G:\DEV\tilesnav\TilesNav.AureliaFrontend\test\unit\app.spec.js
G:\DEV\tilesnav\TilesNav.AureliaFrontend\test\unit\app.spec.js.map
G:\DEV\tilesnav\TilesNav.AureliaFrontend\test\unit\setup.js
G:\DEV\tilesnav\TilesNav.AureliaFrontend\test\unit\setup.js.map
G:\DEV\tilesnav\TilesNav.AureliaFrontend\src\environment.js
G:\DEV\tilesnav\TilesNav.AureliaFrontend\src\environment.js.map
G:\DEV\tilesnav\TilesNav.AureliaFrontend\src\main.js
G:\DEV\tilesnav\TilesNav.AureliaFrontend\src\main.js.map
G:\DEV\tilesnav\TilesNav.AureliaFrontend\src\resources\index.js
G:\DEV\tilesnav\TilesNav.AureliaFrontend\src\resources\index.js.map
G:\DEV\tilesnav\TilesNav.AureliaFrontend\src\app.js
G:\DEV\tilesnav\TilesNav.AureliaFrontend\src\app.js.map
G:\DEV\tilesnav\TilesNav.AureliaFrontend\test\unit\app.spec.js
G:\DEV\tilesnav\TilesNav.AureliaFrontend\test\unit\app.spec.js.map
G:\DEV\tilesnav\TilesNav.AureliaFrontend\test\unit\setup.js
G:\DEV\tilesnav\TilesNav.AureliaFrontend\test\unit\setup.js.map
G:\DEV\tilesnav\TilesNav.AureliaFrontend\src\environment.js
G:\DEV\tilesnav\TilesNav.AureliaFrontend\src\environment.js.map
G:\DEV\tilesnav\TilesNav.AureliaFrontend\src\main.js
G:\DEV\tilesnav\TilesNav.AureliaFrontend\src\main.js.map
G:\DEV\tilesnav\TilesNav.AureliaFrontend\src\resources\index.js
G:\DEV\tilesnav\TilesNav.AureliaFrontend\src\resources\index.js.map
G:\DEV\tilesnav\TilesNav.AureliaFrontend\src\app.js
G:\DEV\tilesnav\TilesNav.AureliaFrontend\src\app.js.map
G:\DEV\tilesnav\TilesNav.AureliaFrontend\test\unit\app.spec.js
G:\DEV\tilesnav\TilesNav.AureliaFrontend\test\unit\app.spec.js.map
G:\DEV\tilesnav\TilesNav.AureliaFrontend\test\unit\setup.js
G:\DEV\tilesnav\TilesNav.AureliaFrontend\test\unit\setup.js.map
G:\DEV\tilesnav\TilesNav.AureliaFrontend\src\environment.js
G:\DEV\tilesnav\TilesNav.AureliaFrontend\src\environment.js.map
G:\DEV\tilesnav\TilesNav.AureliaFrontend\src\main.js
G:\DEV\tilesnav\TilesNav.AureliaFrontend\src\main.js.map
G:\DEV\tilesnav\TilesNav.AureliaFrontend\src\resources\index.js
G:\DEV\tilesnav\TilesNav.AureliaFrontend\src\resources\index.js.map
G:\DEV\tilesnav\TilesNav.AureliaFrontend\src\app.js
G:\DEV\tilesnav\TilesNav.AureliaFrontend\src\app.js.map
G:\DEV\tilesnav\TilesNav.AureliaFrontend\test\unit\app.spec.js
G:\DEV\tilesnav\TilesNav.AureliaFrontend\test\unit\app.spec.js.map
G:\DEV\tilesnav\TilesNav.AureliaFrontend\test\unit\setup.js
G:\DEV\tilesnav\TilesNav.AureliaFrontend\test\unit\setup.js.map
G:\DEV\tilesnav\TilesNav.AureliaFrontend\src\environment.js
G:\DEV\tilesnav\TilesNav.AureliaFrontend\src\environment.js.map
G:\DEV\tilesnav\TilesNav.AureliaFrontend\src\main.js
G:\DEV\tilesnav\TilesNav.AureliaFrontend\src\main.js.map
G:\DEV\tilesnav\TilesNav.AureliaFrontend\src\resources\index.js
G:\DEV\tilesnav\TilesNav.AureliaFrontend\src\resources\index.js.map
G:\DEV\tilesnav\TilesNav.AureliaFrontend\src\app.js
G:\DEV\tilesnav\TilesNav.AureliaFrontend\src\app.js.map
G:\DEV\tilesnav\TilesNav.AureliaFrontend\test\unit\app.spec.js
G:\DEV\tilesnav\TilesNav.AureliaFrontend\test\unit\app.spec.js.map
G:\DEV\tilesnav\TilesNav.AureliaFrontend\test\unit\setup.js
G:\DEV\tilesnav\TilesNav.AureliaFrontend\test\unit\setup.js.map
G:\DEV\tilesnav\TilesNav.AureliaFrontend\src\environment.js
G:\DEV\tilesnav\TilesNav.AureliaFrontend\src\environment.js.map
G:\DEV\tilesnav\TilesNav.AureliaFrontend\src\main.js
G:\DEV\tilesnav\TilesNav.AureliaFrontend\src\main.js.map
G:\DEV\tilesnav\TilesNav.AureliaFrontend\src\resources\index.js
G:\DEV\tilesnav\TilesNav.AureliaFrontend\src\resources\index.js.map
G:\DEV\tilesnav\TilesNav.AureliaFrontend\src\app.js
G:\DEV\tilesnav\TilesNav.AureliaFrontend\src\app.js.map
G:\DEV\tilesnav\TilesNav.AureliaFrontend\test\unit\app.spec.js
G:\DEV\tilesnav\TilesNav.AureliaFrontend\test\unit\app.spec.js.map
G:\DEV\tilesnav\TilesNav.AureliaFrontend\test\unit\setup.js
G:\DEV\tilesnav\TilesNav.AureliaFrontend\test\unit\setup.js.map
G:\DEV\tilesnav\TilesNav.AureliaFrontend\src\environment.js
G:\DEV\tilesnav\TilesNav.AureliaFrontend\src\environment.js.map
G:\DEV\tilesnav\TilesNav.AureliaFrontend\src\main.js
G:\DEV\tilesnav\TilesNav.AureliaFrontend\src\main.js.map
G:\DEV\tilesnav\TilesNav.AureliaFrontend\src\resources\index.js
G:\DEV\tilesnav\TilesNav.AureliaFrontend\src\resources\index.js.map
G:\DEV\tilesnav\TilesNav.AureliaFrontend\src\app.js
G:\DEV\tilesnav\TilesNav.AureliaFrontend\src\app.js.map
G:\DEV\tilesnav\TilesNav.AureliaFrontend\test\unit\app.spec.js
G:\DEV\tilesnav\TilesNav.AureliaFrontend\test\unit\app.spec.js.map
G:\DEV\tilesnav\TilesNav.AureliaFrontend\test\unit\setup.js
G:\DEV\tilesnav\TilesNav.AureliaFrontend\test\unit\setup.js.map
G:\DEV\tilesnav\TilesNav.AureliaFrontend\src\environment.js
G:\DEV\tilesnav\TilesNav.AureliaFrontend\src\environment.js.map
G:\DEV\tilesnav\TilesNav.AureliaFrontend\src\main.js
G:\DEV\tilesnav\TilesNav.AureliaFrontend\src\main.js.map
G:\DEV\tilesnav\TilesNav.AureliaFrontend\src\resources\index.js
G:\DEV\tilesnav\TilesNav.AureliaFrontend\src\resources\index.js.map
G:\DEV\tilesnav\TilesNav.AureliaFrontend\src\app.js
G:\DEV\tilesnav\TilesNav.AureliaFrontend\src\app.js.map
G:\DEV\tilesnav\TilesNav.AureliaFrontend\test\unit\app.spec.js
G:\DEV\tilesnav\TilesNav.AureliaFrontend\test\unit\app.spec.js.map
G:\DEV\tilesnav\TilesNav.AureliaFrontend\test\unit\setup.js
G:\DEV\tilesnav\TilesNav.AureliaFrontend\test\unit\setup.js.map
G:\DEV\tilesnav\TilesNav.AureliaFrontend\src\environment.js
G:\DEV\tilesnav\TilesNav.AureliaFrontend\src\environment.js.map
G:\DEV\tilesnav\TilesNav.AureliaFrontend\src\main.js
G:\DEV\tilesnav\TilesNav.AureliaFrontend\src\main.js.map
G:\DEV\tilesnav\TilesNav.AureliaFrontend\src\resources\index.js
G:\DEV\tilesnav\TilesNav.AureliaFrontend\src\resources\index.js.map
G:\DEV\tilesnav\TilesNav.AureliaFrontend\src\app.js
G:\DEV\tilesnav\TilesNav.AureliaFrontend\src\app.js.map
G:\DEV\tilesnav\TilesNav.AureliaFrontend\test\unit\app.spec.js
G:\DEV\tilesnav\TilesNav.AureliaFrontend\test\unit\app.spec.js.map
G:\DEV\tilesnav\TilesNav.AureliaFrontend\test\unit\setup.js
G:\DEV\tilesnav\TilesNav.AureliaFrontend\test\unit\setup.js.map
G:\DEV\tilesnav\TilesNav.AureliaFrontend\src\environment.js
G:\DEV\tilesnav\TilesNav.AureliaFrontend\src\environment.js.map
G:\DEV\tilesnav\TilesNav.AureliaFrontend\src\main.js
G:\DEV\tilesnav\TilesNav.AureliaFrontend\src\main.js.map
G:\DEV\tilesnav\TilesNav.AureliaFrontend\src\resources\index.js
G:\DEV\tilesnav\TilesNav.AureliaFrontend\src\resources\index.js.map
G:\DEV\tilesnav\TilesNav.AureliaFrontend\src\app.js
G:\DEV\tilesnav\TilesNav.AureliaFrontend\src\app.js.map
G:\DEV\tilesnav\TilesNav.AureliaFrontend\test\unit\app.spec.js
G:\DEV\tilesnav\TilesNav.AureliaFrontend\test\unit\app.spec.js.map
G:\DEV\tilesnav\TilesNav.AureliaFrontend\test\unit\setup.js
G:\DEV\tilesnav\TilesNav.AureliaFrontend\test\unit\setup.js.map
G:\DEV\tilesnav\TilesNav.AureliaFrontend\src\environment.js
G:\DEV\tilesnav\TilesNav.AureliaFrontend\src\environment.js.map
G:\DEV\tilesnav\TilesNav.AureliaFrontend\src\main.js
G:\DEV\tilesnav\TilesNav.AureliaFrontend\src\main.js.map
G:\DEV\tilesnav\TilesNav.AureliaFrontend\src\resources\index.js
G:\DEV\tilesnav\TilesNav.AureliaFrontend\src\resources\index.js.map
G:\DEV\tilesnav\TilesNav.AureliaFrontend\src\app.js
G:\DEV\tilesnav\TilesNav.AureliaFrontend\src\app.js.map
G:\DEV\tilesnav\TilesNav.AureliaFrontend\test\unit\app.spec.js
G:\DEV\tilesnav\TilesNav.AureliaFrontend\test\unit\app.spec.js.map
G:\DEV\tilesnav\TilesNav.AureliaFrontend\test\unit\setup.js
G:\DEV\tilesnav\TilesNav.AureliaFrontend\test\unit\setup.js.map
G:\DEV\tilesnav\TilesNav.AureliaFrontend\src\environment.js
G:\DEV\tilesnav\TilesNav.AureliaFrontend\src\environment.js.map
G:\DEV\tilesnav\TilesNav.AureliaFrontend\src\main.js
G:\DEV\tilesnav\TilesNav.AureliaFrontend\src\main.js.map
G:\DEV\tilesnav\TilesNav.AureliaFrontend\src\resources\index.js
G:\DEV\tilesnav\TilesNav.AureliaFrontend\src\resources\index.js.map
G:\DEV\tilesnav\TilesNav.AureliaFrontend\src\app.js
G:\DEV\tilesnav\TilesNav.AureliaFrontend\src\app.js.map
G:\DEV\tilesnav\TilesNav.AureliaFrontend\test\unit\app.spec.js
G:\DEV\tilesnav\TilesNav.AureliaFrontend\test\unit\app.spec.js.map
G:\DEV\tilesnav\TilesNav.AureliaFrontend\test\unit\setup.js
G:\DEV\tilesnav\TilesNav.AureliaFrontend\test\unit\setup.js.map
G:\DEV\tilesnav\TilesNav.AureliaFrontend\src\environment.js
G:\DEV\tilesnav\TilesNav.AureliaFrontend\src\environment.js.map
G:\DEV\tilesnav\TilesNav.AureliaFrontend\src\main.js
G:\DEV\tilesnav\TilesNav.AureliaFrontend\src\main.js.map
G:\DEV\tilesnav\TilesNav.AureliaFrontend\src\resources\index.js
G:\DEV\tilesnav\TilesNav.AureliaFrontend\src\resources\index.js.map
G:\DEV\tilesnav\TilesNav.AureliaFrontend\src\app.js
G:\DEV\tilesnav\TilesNav.AureliaFrontend\src\app.js.map
G:\DEV\tilesnav\TilesNav.AureliaFrontend\test\unit\app.spec.js
G:\DEV\tilesnav\TilesNav.AureliaFrontend\test\unit\app.spec.js.map
G:\DEV\tilesnav\TilesNav.AureliaFrontend\test\unit\setup.js
G:\DEV\tilesnav\TilesNav.AureliaFrontend\test\unit\setup.js.map
G:\DEV\tilesnav\TilesNav.AureliaFrontend\src\environment.js
G:\DEV\tilesnav\TilesNav.AureliaFrontend\src\environment.js.map
G:\DEV\tilesnav\TilesNav.AureliaFrontend\src\main.js
G:\DEV\tilesnav\TilesNav.AureliaFrontend\src\main.js.map
G:\DEV\tilesnav\TilesNav.AureliaFrontend\src\resources\index.js
G:\DEV\tilesnav\TilesNav.AureliaFrontend\src\resources\index.js.map
G:\DEV\tilesnav\TilesNav.AureliaFrontend\src\app.js
G:\DEV\tilesnav\TilesNav.AureliaFrontend\src\app.js.map
G:\DEV\tilesnav\TilesNav.AureliaFrontend\test\unit\app.spec.js
G:\DEV\tilesnav\TilesNav.AureliaFrontend\test\unit\app.spec.js.map
G:\DEV\tilesnav\TilesNav.AureliaFrontend\test\unit\setup.js
G:\DEV\tilesnav\TilesNav.AureliaFrontend\test\unit\setup.js.map
G:\DEV\tilesnav\TilesNav.AureliaFrontend\src\environment.js
G:\DEV\tilesnav\TilesNav.AureliaFrontend\src\environment.js.map
G:\DEV\tilesnav\TilesNav.AureliaFrontend\src\main.js
G:\DEV\tilesnav\TilesNav.AureliaFrontend\src\main.js.map
G:\DEV\tilesnav\TilesNav.AureliaFrontend\src\resources\index.js
G:\DEV\tilesnav\TilesNav.AureliaFrontend\src\resources\index.js.map
G:\DEV\tilesnav\TilesNav.AureliaFrontend\src\app.js
G:\DEV\tilesnav\TilesNav.AureliaFrontend\src\app.js.map
G:\DEV\tilesnav\TilesNav.AureliaFrontend\test\unit\app.spec.js
G:\DEV\tilesnav\TilesNav.AureliaFrontend\test\unit\app.spec.js.map
G:\DEV\tilesnav\TilesNav.AureliaFrontend\test\unit\setup.js
G:\DEV\tilesnav\TilesNav.AureliaFrontend\test\unit\setup.js.map
G:\DEV\tilesnav\TilesNav.AureliaFrontend\src\environment.js
G:\DEV\tilesnav\TilesNav.AureliaFrontend\src\environment.js.map
G:\DEV\tilesnav\TilesNav.AureliaFrontend\src\main.js
G:\DEV\tilesnav\TilesNav.AureliaFrontend\src\main.js.map
G:\DEV\tilesnav\TilesNav.AureliaFrontend\src\resources\index.js
G:\DEV\tilesnav\TilesNav.AureliaFrontend\src\resources\index.js.map
G:\DEV\tilesnav\TilesNav.AureliaFrontend\src\app.js
G:\DEV\tilesnav\TilesNav.AureliaFrontend\src\app.js.map
G:\DEV\tilesnav\TilesNav.AureliaFrontend\test\unit\app.spec.js
G:\DEV\tilesnav\TilesNav.AureliaFrontend\test\unit\app.spec.js.map
G:\DEV\tilesnav\TilesNav.AureliaFrontend\test\unit\setup.js
G:\DEV\tilesnav\TilesNav.AureliaFrontend\test\unit\setup.js.map
G:\DEV\tilesnav\TilesNav.AureliaFrontend\src\environment.js
G:\DEV\tilesnav\TilesNav.AureliaFrontend\src\environment.js.map
G:\DEV\tilesnav\TilesNav.AureliaFrontend\src\main.js
G:\DEV\tilesnav\TilesNav.AureliaFrontend\src\main.js.map
G:\DEV\tilesnav\TilesNav.AureliaFrontend\src\resources\index.js
G:\DEV\tilesnav\TilesNav.AureliaFrontend\src\resources\index.js.map
G:\DEV\tilesnav\TilesNav.AureliaFrontend\src\app.js
G:\DEV\tilesnav\TilesNav.AureliaFrontend\src\app.js.map
G:\DEV\tilesnav\TilesNav.AureliaFrontend\test\unit\app.spec.js
G:\DEV\tilesnav\TilesNav.AureliaFrontend\test\unit\app.spec.js.map
G:\DEV\tilesnav\TilesNav.AureliaFrontend\test\unit\setup.js
G:\DEV\tilesnav\TilesNav.AureliaFrontend\test\unit\setup.js.map
G:\DEV\tilesnav\TilesNav.AureliaFrontend\src\environment.js
G:\DEV\tilesnav\TilesNav.AureliaFrontend\src\environment.js.map
G:\DEV\tilesnav\TilesNav.AureliaFrontend\src\main.js
G:\DEV\tilesnav\TilesNav.AureliaFrontend\src\main.js.map
G:\DEV\tilesnav\TilesNav.AureliaFrontend\src\resources\index.js
G:\DEV\tilesnav\TilesNav.AureliaFrontend\src\resources\index.js.map
G:\DEV\tilesnav\TilesNav.AureliaFrontend\src\app.js
G:\DEV\tilesnav\TilesNav.AureliaFrontend\src\app.js.map
G:\DEV\tilesnav\TilesNav.AureliaFrontend\test\unit\app.spec.js
G:\DEV\tilesnav\TilesNav.AureliaFrontend\test\unit\app.spec.js.map
G:\DEV\tilesnav\TilesNav.AureliaFrontend\test\unit\setup.js
G:\DEV\tilesnav\TilesNav.AureliaFrontend\test\unit\setup.js.map
G:\DEV\tilesnav\TilesNav.AureliaFrontend\src\environment.js
G:\DEV\tilesnav\TilesNav.AureliaFrontend\src\environment.js.map
G:\DEV\tilesnav\TilesNav.AureliaFrontend\src\main.js
G:\DEV\tilesnav\TilesNav.AureliaFrontend\src\main.js.map
G:\DEV\tilesnav\TilesNav.AureliaFrontend\src\resources\index.js
G:\DEV\tilesnav\TilesNav.AureliaFrontend\src\resources\index.js.map
G:\DEV\tilesnav\TilesNav.AureliaFrontend\src\app.js
G:\DEV\tilesnav\TilesNav.AureliaFrontend\src\app.js.map
G:\DEV\tilesnav\TilesNav.AureliaFrontend\test\unit\app.spec.js
G:\DEV\tilesnav\TilesNav.AureliaFrontend\test\unit\app.spec.js.map
G:\DEV\tilesnav\TilesNav.AureliaFrontend\test\unit\setup.js
G:\DEV\tilesnav\TilesNav.AureliaFrontend\test\unit\setup.js.map
G:\DEV\tilesnav\TilesNav.AureliaFrontend\src\environment.js
G:\DEV\tilesnav\TilesNav.AureliaFrontend\src\environment.js.map
G:\DEV\tilesnav\TilesNav.AureliaFrontend\src\main.js
G:\DEV\tilesnav\TilesNav.AureliaFrontend\src\main.js.map
G:\DEV\tilesnav\TilesNav.AureliaFrontend\src\resources\index.js
G:\DEV\tilesnav\TilesNav.AureliaFrontend\src\resources\index.js.map
G:\DEV\tilesnav\TilesNav.AureliaFrontend\src\app.js
G:\DEV\tilesnav\TilesNav.AureliaFrontend\src\app.js.map
G:\DEV\tilesnav\TilesNav.AureliaFrontend\test\unit\app.spec.js
G:\DEV\tilesnav\TilesNav.AureliaFrontend\test\unit\app.spec.js.map
G:\DEV\tilesnav\TilesNav.AureliaFrontend\test\unit\setup.js
G:\DEV\tilesnav\TilesNav.AureliaFrontend\test\unit\setup.js.map
G:\DEV\tilesnav\TilesNav.AureliaFrontend\src\environment.js
G:\DEV\tilesnav\TilesNav.AureliaFrontend\src\environment.js.map
G:\DEV\tilesnav\TilesNav.AureliaFrontend\src\main.js
G:\DEV\tilesnav\TilesNav.AureliaFrontend\src\main.js.map
G:\DEV\tilesnav\TilesNav.AureliaFrontend\src\resources\index.js
G:\DEV\tilesnav\TilesNav.AureliaFrontend\src\resources\index.js.map
G:\DEV\tilesnav\TilesNav.AureliaFrontend\src\app.js
G:\DEV\tilesnav\TilesNav.AureliaFrontend\src\app.js.map
G:\DEV\tilesnav\TilesNav.AureliaFrontend\test\unit\app.spec.js
G:\DEV\tilesnav\TilesNav.AureliaFrontend\test\unit\app.spec.js.map
G:\DEV\tilesnav\TilesNav.AureliaFrontend\test\unit\setup.js
G:\DEV\tilesnav\TilesNav.AureliaFrontend\test\unit\setup.js.map
G:\DEV\tilesnav\TilesNav.AureliaFrontend\src\environment.js
G:\DEV\tilesnav\TilesNav.AureliaFrontend\src\environment.js.map
G:\DEV\tilesnav\TilesNav.AureliaFrontend\src\main.js
G:\DEV\tilesnav\TilesNav.AureliaFrontend\src\main.js.map
G:\DEV\tilesnav\TilesNav.AureliaFrontend\src\resources\index.js
G:\DEV\tilesnav\TilesNav.AureliaFrontend\src\resources\index.js.map
G:\DEV\tilesnav\TilesNav.AureliaFrontend\src\app.js
G:\DEV\tilesnav\TilesNav.AureliaFrontend\src\app.js.map
G:\DEV\tilesnav\TilesNav.AureliaFrontend\test\unit\app.spec.js
G:\DEV\tilesnav\TilesNav.AureliaFrontend\test\unit\app.spec.js.map
G:\DEV\tilesnav\TilesNav.AureliaFrontend\test\unit\setup.js
G:\DEV\tilesnav\TilesNav.AureliaFrontend\test\unit\setup.js.map
G:\DEV\tilesnav\TilesNav.AureliaFrontend\src\environment.js
G:\DEV\tilesnav\TilesNav.AureliaFrontend\src\environment.js.map
G:\DEV\tilesnav\TilesNav.AureliaFrontend\src\main.js
G:\DEV\tilesnav\TilesNav.AureliaFrontend\src\main.js.map
G:\DEV\tilesnav\TilesNav.AureliaFrontend\src\resources\index.js
G:\DEV\tilesnav\TilesNav.AureliaFrontend\src\resources\index.js.map
G:\DEV\tilesnav\TilesNav.AureliaFrontend\src\app.js
G:\DEV\tilesnav\TilesNav.AureliaFrontend\src\app.js.map
G:\DEV\tilesnav\TilesNav.AureliaFrontend\test\unit\app.spec.js
G:\DEV\tilesnav\TilesNav.AureliaFrontend\test\unit\app.spec.js.map
G:\DEV\tilesnav\TilesNav.AureliaFrontend\test\unit\setup.js
G:\DEV\tilesnav\TilesNav.AureliaFrontend\test\unit\setup.js.map
G:\DEV\tilesnav\TilesNav.AureliaFrontend\src\environment.js
G:\DEV\tilesnav\TilesNav.AureliaFrontend\src\environment.js.map
G:\DEV\tilesnav\TilesNav.AureliaFrontend\src\main.js
G:\DEV\tilesnav\TilesNav.AureliaFrontend\src\main.js.map
G:\DEV\tilesnav\TilesNav.AureliaFrontend\src\resources\index.js
G:\DEV\tilesnav\TilesNav.AureliaFrontend\src\resources\index.js.map
G:\DEV\tilesnav\TilesNav.AureliaFrontend\src\app.js
G:\DEV\tilesnav\TilesNav.AureliaFrontend\src\app.js.map
G:\DEV\tilesnav\TilesNav.AureliaFrontend\test\unit\app.spec.js
G:\DEV\tilesnav\TilesNav.AureliaFrontend\test\unit\app.spec.js.map
G:\DEV\tilesnav\TilesNav.AureliaFrontend\test\unit\setup.js
G:\DEV\tilesnav\TilesNav.AureliaFrontend\test\unit\setup.js.map
G:\DEV\tilesnav\TilesNav.AureliaFrontend\src\environment.js
G:\DEV\tilesnav\TilesNav.AureliaFrontend\src\environment.js.map
G:\DEV\tilesnav\TilesNav.AureliaFrontend\src\main.js
G:\DEV\tilesnav\TilesNav.AureliaFrontend\src\main.js.map
G:\DEV\tilesnav\TilesNav.AureliaFrontend\src\resources\index.js
G:\DEV\tilesnav\TilesNav.AureliaFrontend\src\resources\index.js.map
G:\DEV\tilesnav\TilesNav.AureliaFrontend\src\app.js
G:\DEV\tilesnav\TilesNav.AureliaFrontend\src\app.js.map
G:\DEV\tilesnav\TilesNav.AureliaFrontend\test\unit\app.spec.js
G:\DEV\tilesnav\TilesNav.AureliaFrontend\test\unit\app.spec.js.map
G:\DEV\tilesnav\TilesNav.AureliaFrontend\test\unit\setup.js
G:\DEV\tilesnav\TilesNav.AureliaFrontend\test\unit\setup.js.map
G:\DEV\tilesnav\TilesNav.AureliaFrontend\src\environment.js
G:\DEV\tilesnav\TilesNav.AureliaFrontend\src\environment.js.map
G:\DEV\tilesnav\TilesNav.AureliaFrontend\src\main.js
G:\DEV\tilesnav\TilesNav.AureliaFrontend\src\main.js.map
G:\DEV\tilesnav\TilesNav.AureliaFrontend\src\resources\index.js
G:\DEV\tilesnav\TilesNav.AureliaFrontend\src\resources\index.js.map
G:\DEV\tilesnav\TilesNav.AureliaFrontend\src\app.js
G:\DEV\tilesnav\TilesNav.AureliaFrontend\src\app.js.map
G:\DEV\tilesnav\TilesNav.AureliaFrontend\test\unit\app.spec.js
G:\DEV\tilesnav\TilesNav.AureliaFrontend\test\unit\app.spec.js.map
G:\DEV\tilesnav\TilesNav.AureliaFrontend\test\unit\setup.js
G:\DEV\tilesnav\TilesNav.AureliaFrontend\test\unit\setup.js.map
G:\DEV\tilesnav\TilesNav.AureliaFrontend\src\environment.js
G:\DEV\tilesnav\TilesNav.AureliaFrontend\src\environment.js.map
G:\DEV\tilesnav\TilesNav.AureliaFrontend\src\main.js
G:\DEV\tilesnav\TilesNav.AureliaFrontend\src\main.js.map
G:\DEV\tilesnav\TilesNav.AureliaFrontend\src\resources\index.js
G:\DEV\tilesnav\TilesNav.AureliaFrontend\src\resources\index.js.map
G:\DEV\tilesnav\TilesNav.AureliaFrontend\src\app.js
G:\DEV\tilesnav\TilesNav.AureliaFrontend\src\app.js.map
G:\DEV\tilesnav\TilesNav.AureliaFrontend\test\unit\app.spec.js
G:\DEV\tilesnav\TilesNav.AureliaFrontend\test\unit\app.spec.js.map
G:\DEV\tilesnav\TilesNav.AureliaFrontend\test\unit\setup.js
G:\DEV\tilesnav\TilesNav.AureliaFrontend\test\unit\setup.js.map
G:\DEV\tilesnav\TilesNav.AureliaFrontend\src\environment.js
G:\DEV\tilesnav\TilesNav.AureliaFrontend\src\environment.js.map
G:\DEV\tilesnav\TilesNav.AureliaFrontend\src\main.js
G:\DEV\tilesnav\TilesNav.AureliaFrontend\src\main.js.map
G:\DEV\tilesnav\TilesNav.AureliaFrontend\src\resources\index.js
G:\DEV\tilesnav\TilesNav.AureliaFrontend\src\resources\index.js.map
G:\DEV\tilesnav\TilesNav.AureliaFrontend\src\app.js
G:\DEV\tilesnav\TilesNav.AureliaFrontend\src\app.js.map
G:\DEV\tilesnav\TilesNav.AureliaFrontend\test\unit\app.spec.js
G:\DEV\tilesnav\TilesNav.AureliaFrontend\test\unit\app.spec.js.map
G:\DEV\tilesnav\TilesNav.AureliaFrontend\test\unit\setup.js
G:\DEV\tilesnav\TilesNav.AureliaFrontend\test\unit\setup.js.map
G:\DEV\tilesnav\TilesNav.AureliaFrontend\src\environment.js
G:\DEV\tilesnav\TilesNav.AureliaFrontend\src\environment.js.map
G:\DEV\tilesnav\TilesNav.AureliaFrontend\src\main.js
G:\DEV\tilesnav\TilesNav.AureliaFrontend\src\main.js.map
G:\DEV\tilesnav\TilesNav.AureliaFrontend\src\resources\index.js
G:\DEV\tilesnav\TilesNav.AureliaFrontend\src\resources\index.js.map
G:\DEV\tilesnav\TilesNav.AureliaFrontend\src\app.js
G:\DEV\tilesnav\TilesNav.AureliaFrontend\src\app.js.map
G:\DEV\tilesnav\TilesNav.AureliaFrontend\test\unit\app.spec.js
G:\DEV\tilesnav\TilesNav.AureliaFrontend\test\unit\app.spec.js.map
G:\DEV\tilesnav\TilesNav.AureliaFrontend\test\unit\setup.js
G:\DEV\tilesnav\TilesNav.AureliaFrontend\test\unit\setup.js.map
G:\DEV\tilesnav\TilesNav.AureliaFrontend\src\environment.js
G:\DEV\tilesnav\TilesNav.AureliaFrontend\src\environment.js.map
G:\DEV\tilesnav\TilesNav.AureliaFrontend\src\main.js
G:\DEV\tilesnav\TilesNav.AureliaFrontend\src\main.js.map
G:\DEV\tilesnav\TilesNav.AureliaFrontend\src\resources\index.js
G:\DEV\tilesnav\TilesNav.AureliaFrontend\src\resources\index.js.map
